[{"line":3,"elements":[{"start_timestamp":"2023-10-18T18:02:44.732Z","line":6,"name":"TC01 Kullanici amazonda Nutella aratir","description":"","id":"us1001-kullanici-amazon-anasayfada-arama-yapar;tc01-kullanici-amazonda-nutella-aratir","after":[{"result":{"duration":3010700,"status":"passed"},"match":{"location":"stepdefinitions.Hooks.tearDown(io.cucumber.java.Scenario)"}}],"type":"scenario","keyword":"Scenario","steps":[{"result":{"duration":3964281900,"status":"passed"},"line":8,"name":"kullanici amazonUrl anasayfaya gider","match":{"location":"stepdefinitions.AmazonStepdefinitions.kullanici_amazon_url_anasayfaya_gider()"},"keyword":"Given "},{"result":{"duration":1617229000,"status":"passed"},"line":9,"name":"arama kutusuna Nutella yazip aratir","match":{"location":"stepdefinitions.AmazonStepdefinitions.arama_kutusuna_nutella_yazip_aratir()"},"keyword":"And "},{"result":{"duration":43077800,"status":"passed"},"line":10,"name":"arama sonuclarinin Nutella icerdigini test eder","match":{"location":"stepdefinitions.AmazonStepdefinitions.arama_sonuclarinin_nutella_icerdigini_test_eder()"},"keyword":"Then "},{"result":{"duration":166534100,"status":"passed"},"line":11,"name":"sayfayi kapatir","match":{"location":"stepdefinitions.AmazonStepdefinitions.sayfayi_kapatir()"},"keyword":"And "}],"tags":[{"name":"@smoke"}]}],"name":"US1001 Kullanici amazon anasayfada arama yapar","description":"","id":"us1001-kullanici-amazon-anasayfada-arama-yapar","keyword":"Feature","uri":"file:src/test/resources/features/US1001_amazonSearch.feature","tags":[]},{"line":2,"elements":[{"start_timestamp":"2023-10-18T18:02:50.594Z","line":12,"name":"TC04 parametre ile apple aratir","description":"","id":"us1002-kullanici-parametre-olarak-yazdigi-urunu-amazonda-aratir;tc04-parametre-ile-apple-aratir","after":[{"result":{"status":"passed"},"match":{"location":"stepdefinitions.Hooks.tearDown(io.cucumber.java.Scenario)"}}],"type":"scenario","keyword":"Scenario","steps":[{"result":{"duration":2459662800,"status":"passed"},"line":13,"name":"kullanici \"amazonUrl\" anasayfaya gider","match":{"arguments":[{"val":"\"amazonUrl\"","offset":10}],"location":"stepdefinitions.AmazonStepdefinitions.kullanici_anasayfaya_gider(java.lang.String)"},"keyword":"Given "},{"result":{"duration":1722925500,"status":"passed"},"line":14,"name":"arama kutusuna \"apple\" yazip aratir","match":{"arguments":[{"val":"\"apple\"","offset":15}],"location":"stepdefinitions.AmazonStepdefinitions.arama_kutusuna_yazip_aratir(java.lang.String)"},"keyword":"Then "},{"result":{"duration":34465700,"status":"passed"},"line":15,"name":"arama sonuclarinin \"apple\" icerdigini test eder","match":{"arguments":[{"val":"\"apple\"","offset":19}],"location":"stepdefinitions.AmazonStepdefinitions.arama_sonuclarinin_icerdigini_test_eder(java.lang.String)"},"keyword":"And "},{"result":{"duration":5002979400,"status":"passed"},"line":16,"name":"5 saniye bekler","match":{"arguments":[{"val":"5","offset":0}],"location":"stepdefinitions.AmazonStepdefinitions.saniyeBekler(int)"},"keyword":"Then "},{"result":{"duration":169096300,"status":"passed"},"line":17,"name":"sayfayi kapatir","match":{"location":"stepdefinitions.AmazonStepdefinitions.sayfayi_kapatir()"},"keyword":"And "}],"tags":[{"name":"@smoke"}]}],"name":"US1002 Kullanici parametre olarak yazdigi urunu amazonda aratir","description":"","id":"us1002-kullanici-parametre-olarak-yazdigi-urunu-amazonda-aratir","keyword":"Feature","uri":"file:src/test/resources/features/US1002_parametreliAmazonSearch.feature","tags":[]},{"line":2,"elements":[{"start_timestamp":"2023-10-18T18:03:00.008Z","line":5,"name":"TC05 qualitydemy pozitif login testi","description":"","id":"us1003-kullanici-gecerli-bilgilerle-sayfaya-giris-yapar;tc05-qualitydemy-pozitif-login-testi","after":[{"result":{"error_message":"org.openqa.selenium.NoSuchWindowException: no such window: target window already closed\nfrom unknown error: web view not found\n  (Session info: chrome=118.0.5993.88)\nBuild info: version: '4.13.0', revision: 'ba948ece5b*'\nSystem info: os.name: 'Windows 11', os.arch: 'amd64', os.version: '10.0', java.version: '11.0.18'\nDriver info: org.openqa.selenium.chrome.ChromeDriver\nCommand: [0506b9e5a6960f54dd982f85d2764a4e, maximizeCurrentWindow {}]\nCapabilities {acceptInsecureCerts: false, browserName: chrome, browserVersion: 118.0.5993.88, chrome: {chromedriverVersion: 118.0.5993.70 (e52f33f30b91..., userDataDir: C:\\Users\\49172\\AppData\\Loca...}, fedcm:accounts: true, goog:chromeOptions: {debuggerAddress: localhost:63929}, networkConnectionEnabled: false, pageLoadStrategy: normal, platformName: windows, proxy: Proxy(), se:cdp: ws://localhost:63929/devtoo..., se:cdpVersion: 118.0.5993.88, setWindowRect: true, strictFileInteractability: false, timeouts: {implicit: 0, pageLoad: 300000, script: 30000}, unhandledPromptBehavior: dismiss and notify, webauthn:extension:credBlob: true, webauthn:extension:largeBlob: true, webauthn:extension:minPinLength: true, webauthn:extension:prf: true, webauthn:virtualAuthenticators: true}\nSession ID: 0506b9e5a6960f54dd982f85d2764a4e\r\n\tat java.base/jdk.internal.reflect.NativeConstructorAccessorImpl.newInstance0(Native Method)\r\n\tat java.base/jdk.internal.reflect.NativeConstructorAccessorImpl.newInstance(NativeConstructorAccessorImpl.java:62)\r\n\tat java.base/jdk.internal.reflect.DelegatingConstructorAccessorImpl.newInstance(DelegatingConstructorAccessorImpl.java:45)\r\n\tat java.base/java.lang.reflect.Constructor.newInstance(Constructor.java:490)\r\n\tat org.openqa.selenium.remote.codec.w3c.W3CHttpResponseCodec.createException(W3CHttpResponseCodec.java:200)\r\n\tat org.openqa.selenium.remote.codec.w3c.W3CHttpResponseCodec.decode(W3CHttpResponseCodec.java:133)\r\n\tat org.openqa.selenium.remote.codec.w3c.W3CHttpResponseCodec.decode(W3CHttpResponseCodec.java:52)\r\n\tat org.openqa.selenium.remote.HttpCommandExecutor.execute(HttpCommandExecutor.java:191)\r\n\tat org.openqa.selenium.remote.service.DriverCommandExecutor.invokeExecute(DriverCommandExecutor.java:196)\r\n\tat org.openqa.selenium.remote.service.DriverCommandExecutor.execute(DriverCommandExecutor.java:171)\r\n\tat org.openqa.selenium.remote.RemoteWebDriver.execute(RemoteWebDriver.java:602)\r\n\tat org.openqa.selenium.remote.RemoteWebDriver.execute(RemoteWebDriver.java:675)\r\n\tat org.openqa.selenium.remote.RemoteWebDriver.execute(RemoteWebDriver.java:679)\r\n\tat org.openqa.selenium.remote.RemoteWebDriver$RemoteWebDriverOptions$RemoteWindow.maximize(RemoteWebDriver.java:1063)\r\n\tat utilities.Driver.getDriver(Driver.java:56)\r\n\tat stepdefinitions.Hooks.tearDown(Hooks.java:11)\r\n","duration":8535600,"status":"failed"},"match":{"location":"stepdefinitions.Hooks.tearDown(io.cucumber.java.Scenario)"}}],"type":"scenario","keyword":"Scenario","steps":[{"result":{"duration":23783431600,"status":"passed"},"line":7,"name":"kullanici \"qdUrl\" anasayfaya gider","match":{"arguments":[{"val":"\"qdUrl\"","offset":10}],"location":"stepdefinitions.AmazonStepdefinitions.kullanici_anasayfaya_gider(java.lang.String)"},"keyword":"Given "},{"result":{"error_message":"io.cucumber.core.exception.CucumberException: Failed to instantiate class stepdefinitions.QualitydemyStepdefinitions\r\n\tat io.cucumber.core.backend.DefaultObjectFactory.cacheNewInstance(DefaultObjectFactory.java:67)\r\n\tat io.cucumber.core.backend.DefaultObjectFactory.getInstance(DefaultObjectFactory.java:45)\r\n\tat io.cucumber.java.AbstractGlueDefinition.invokeMethod(AbstractGlueDefinition.java:47)\r\n\tat io.cucumber.java.JavaStepDefinition.execute(JavaStepDefinition.java:29)\r\n\tat io.cucumber.core.runner.CoreStepDefinition.execute(CoreStepDefinition.java:66)\r\n\tat io.cucumber.core.runner.PickleStepDefinitionMatch.runStep(PickleStepDefinitionMatch.java:63)\r\n\tat io.cucumber.core.runner.ExecutionMode$1.execute(ExecutionMode.java:10)\r\n\tat io.cucumber.core.runner.TestStep.executeStep(TestStep.java:84)\r\n\tat io.cucumber.core.runner.TestStep.run(TestStep.java:56)\r\n\tat io.cucumber.core.runner.PickleStepTestStep.run(PickleStepTestStep.java:51)\r\n\tat io.cucumber.core.runner.TestCase.run(TestCase.java:84)\r\n\tat io.cucumber.core.runner.Runner.runPickle(Runner.java:75)\r\n\tat io.cucumber.junit.PickleRunners$NoStepDescriptions.lambda$run$0(PickleRunners.java:151)\r\n\tat io.cucumber.core.runtime.CucumberExecutionContext.lambda$runTestCase$5(CucumberExecutionContext.java:137)\r\n\tat io.cucumber.core.runtime.RethrowingThrowableCollector.executeAndThrow(RethrowingThrowableCollector.java:23)\r\n\tat io.cucumber.core.runtime.CucumberExecutionContext.runTestCase(CucumberExecutionContext.java:137)\r\n\tat io.cucumber.junit.PickleRunners$NoStepDescriptions.run(PickleRunners.java:148)\r\n\tat io.cucumber.junit.FeatureRunner.runChild(FeatureRunner.java:144)\r\n\tat io.cucumber.junit.FeatureRunner.runChild(FeatureRunner.java:28)\r\n\tat org.junit.runners.ParentRunner$4.run(ParentRunner.java:331)\r\n\tat org.junit.runners.ParentRunner$1.schedule(ParentRunner.java:79)\r\n\tat org.junit.runners.ParentRunner.runChildren(ParentRunner.java:329)\r\n\tat org.junit.runners.ParentRunner.access$100(ParentRunner.java:66)\r\n\tat org.junit.runners.ParentRunner$2.evaluate(ParentRunner.java:293)\r\n\tat org.junit.runners.ParentRunner$3.evaluate(ParentRunner.java:306)\r\n\tat org.junit.runners.ParentRunner.run(ParentRunner.java:413)\r\n\tat io.cucumber.junit.FeatureRunner.run(FeatureRunner.java:137)\r\n\tat io.cucumber.junit.Cucumber.runChild(Cucumber.java:196)\r\n\tat io.cucumber.junit.Cucumber.runChild(Cucumber.java:89)\r\n\tat org.junit.runners.ParentRunner$4.run(ParentRunner.java:331)\r\n\tat org.junit.runners.ParentRunner$1.schedule(ParentRunner.java:79)\r\n\tat org.junit.runners.ParentRunner.runChildren(ParentRunner.java:329)\r\n\tat org.junit.runners.ParentRunner.access$100(ParentRunner.java:66)\r\n\tat org.junit.runners.ParentRunner$2.evaluate(ParentRunner.java:293)\r\n\tat io.cucumber.core.runtime.CucumberExecutionContext.lambda$runFeatures$6(CucumberExecutionContext.java:148)\r\n\tat io.cucumber.core.runtime.CucumberExecutionContext.execute(CucumberExecutionContext.java:163)\r\n\tat io.cucumber.core.runtime.CucumberExecutionContext.runFeatures(CucumberExecutionContext.java:146)\r\n\tat io.cucumber.junit.Cucumber$StartAndFinishTestRun.evaluate(Cucumber.java:226)\r\n\tat org.junit.runners.ParentRunner$3.evaluate(ParentRunner.java:306)\r\n\tat org.junit.runners.ParentRunner.run(ParentRunner.java:413)\r\n\tat org.junit.runner.JUnitCore.run(JUnitCore.java:137)\r\n\tat com.intellij.junit4.JUnit4IdeaTestRunner.startRunnerWithArgs(JUnit4IdeaTestRunner.java:69)\r\n\tat com.intellij.rt.junit.IdeaTestRunner$Repeater$1.execute(IdeaTestRunner.java:38)\r\n\tat com.intellij.rt.execution.junit.TestsRepeater.repeat(TestsRepeater.java:11)\r\n\tat com.intellij.rt.junit.IdeaTestRunner$Repeater.startRunnerWithArgs(IdeaTestRunner.java:35)\r\n\tat com.intellij.rt.junit.JUnitStarter.prepareStreamsAndStart(JUnitStarter.java:235)\r\n\tat com.intellij.rt.junit.JUnitStarter.main(JUnitStarter.java:54)\r\nCaused by: java.lang.reflect.InvocationTargetException\r\n\tat java.base/jdk.internal.reflect.NativeConstructorAccessorImpl.newInstance0(Native Method)\r\n\tat java.base/jdk.internal.reflect.NativeConstructorAccessorImpl.newInstance(NativeConstructorAccessorImpl.java:62)\r\n\tat java.base/jdk.internal.reflect.DelegatingConstructorAccessorImpl.newInstance(DelegatingConstructorAccessorImpl.java:45)\r\n\tat java.base/java.lang.reflect.Constructor.newInstance(Constructor.java:490)\r\n\tat io.cucumber.core.backend.DefaultObjectFactory.cacheNewInstance(DefaultObjectFactory.java:53)\r\n\t... 46 more\r\nCaused by: org.openqa.selenium.NoSuchWindowException: no such window: target window already closed\nfrom unknown error: web view not found\n  (Session info: chrome=118.0.5993.88)\nBuild info: version: '4.13.0', revision: 'ba948ece5b*'\nSystem info: os.name: 'Windows 11', os.arch: 'amd64', os.version: '10.0', java.version: '11.0.18'\nDriver info: org.openqa.selenium.chrome.ChromeDriver\nCommand: [0506b9e5a6960f54dd982f85d2764a4e, maximizeCurrentWindow {}]\nCapabilities {acceptInsecureCerts: false, browserName: chrome, browserVersion: 118.0.5993.88, chrome: {chromedriverVersion: 118.0.5993.70 (e52f33f30b91..., userDataDir: C:\\Users\\49172\\AppData\\Loca...}, fedcm:accounts: true, goog:chromeOptions: {debuggerAddress: localhost:63929}, networkConnectionEnabled: false, pageLoadStrategy: normal, platformName: windows, proxy: Proxy(), se:cdp: ws://localhost:63929/devtoo..., se:cdpVersion: 118.0.5993.88, setWindowRect: true, strictFileInteractability: false, timeouts: {implicit: 0, pageLoad: 300000, script: 30000}, unhandledPromptBehavior: dismiss and notify, webauthn:extension:credBlob: true, webauthn:extension:largeBlob: true, webauthn:extension:minPinLength: true, webauthn:extension:prf: true, webauthn:virtualAuthenticators: true}\nSession ID: 0506b9e5a6960f54dd982f85d2764a4e\r\n\tat java.base/jdk.internal.reflect.NativeConstructorAccessorImpl.newInstance0(Native Method)\r\n\tat java.base/jdk.internal.reflect.NativeConstructorAccessorImpl.newInstance(NativeConstructorAccessorImpl.java:62)\r\n\tat java.base/jdk.internal.reflect.DelegatingConstructorAccessorImpl.newInstance(DelegatingConstructorAccessorImpl.java:45)\r\n\tat java.base/java.lang.reflect.Constructor.newInstance(Constructor.java:490)\r\n\tat org.openqa.selenium.remote.codec.w3c.W3CHttpResponseCodec.createException(W3CHttpResponseCodec.java:200)\r\n\tat org.openqa.selenium.remote.codec.w3c.W3CHttpResponseCodec.decode(W3CHttpResponseCodec.java:133)\r\n\tat org.openqa.selenium.remote.codec.w3c.W3CHttpResponseCodec.decode(W3CHttpResponseCodec.java:52)\r\n\tat org.openqa.selenium.remote.HttpCommandExecutor.execute(HttpCommandExecutor.java:191)\r\n\tat org.openqa.selenium.remote.service.DriverCommandExecutor.invokeExecute(DriverCommandExecutor.java:196)\r\n\tat org.openqa.selenium.remote.service.DriverCommandExecutor.execute(DriverCommandExecutor.java:171)\r\n\tat org.openqa.selenium.remote.RemoteWebDriver.execute(RemoteWebDriver.java:602)\r\n\tat org.openqa.selenium.remote.RemoteWebDriver.execute(RemoteWebDriver.java:675)\r\n\tat org.openqa.selenium.remote.RemoteWebDriver.execute(RemoteWebDriver.java:679)\r\n\tat org.openqa.selenium.remote.RemoteWebDriver$RemoteWebDriverOptions$RemoteWindow.maximize(RemoteWebDriver.java:1063)\r\n\tat utilities.Driver.getDriver(Driver.java:56)\r\n\tat pages.QualitydemyPage.<init>(QualitydemyPage.java:10)\r\n\tat stepdefinitions.QualitydemyStepdefinitions.<init>(QualitydemyStepdefinitions.java:11)\r\n\t... 51 more\r\n","duration":33897100,"status":"failed"},"line":8,"name":"ilk login linkine tiklar","match":{"location":"stepdefinitions.QualitydemyStepdefinitions.ilk_login_linkine_tiklar()"},"keyword":"Then "},{"result":{"status":"skipped"},"line":9,"name":"username kutusuna \"qdGecerliEmail\" yazar","match":{"arguments":[{"val":"\"qdGecerliEmail\"","offset":18}],"location":"stepdefinitions.QualitydemyStepdefinitions.username_kutusuna_yazar(java.lang.String)"},"keyword":"And "},{"result":{"duration":922800,"status":"skipped"},"line":10,"name":"password kutusuna \"qdGecerliPassword\" yazar","match":{"arguments":[{"val":"\"qdGecerliPassword\"","offset":18}],"location":"stepdefinitions.QualitydemyStepdefinitions.password_kutusuna_yazar(java.lang.String)"},"keyword":"And "},{"result":{"duration":997900,"status":"skipped"},"line":11,"name":"login butonuna basar","match":{"location":"stepdefinitions.QualitydemyStepdefinitions.login_butonuna_basar()"},"keyword":"And "},{"result":{"status":"skipped"},"line":12,"name":"basarili giris yapildigini test eder","match":{"location":"stepdefinitions.QualitydemyStepdefinitions.basarili_giris_yapildigini_test_eder()"},"keyword":"Then "},{"result":{"duration":999700,"status":"skipped"},"line":13,"name":"sayfayi kapatir","match":{"location":"stepdefinitions.AmazonStepdefinitions.sayfayi_kapatir()"},"keyword":"And "}],"tags":[{"name":"@smoke"}]}],"name":"US1003 kullanici gecerli bilgilerle sayfaya giris yapar","description":"","id":"us1003-kullanici-gecerli-bilgilerle-sayfaya-giris-yapar","keyword":"Feature","uri":"file:src/test/resources/features/US1003_QualitydemyPozitifLoginTesti.feature","tags":[]}]